[2025-04-21 06:46:38] merlin-logger.DEBUG: The welcome step has been displayed [] []
[2025-04-21 06:46:43] merlin-logger.DEBUG: The license activation step has been displayed [] []
[2025-04-21 06:46:43] merlin-logger.DEBUG: The plugin installation step has been displayed [] []
[2025-04-21 06:46:52] merlin-logger.DEBUG: A plugin with the following data will be processed {"plugin_slug":"hub-core","message":"Installing"} []
[2025-04-21 06:47:05] merlin-logger.DEBUG: A plugin with the following data will be processed {"plugin_slug":"hub-core","message":"Activating"} []
[2025-04-21 06:47:07] merlin-logger.DEBUG: A plugin with the following data was processed {"plugin_slug":"hub-core"} []
[2025-04-21 06:47:07] merlin-logger.DEBUG: A plugin with the following data will be processed {"plugin_slug":"hub-portfolio","message":"Installing"} []
[2025-04-21 06:47:08] merlin-logger.DEBUG: A plugin with the following data will be processed {"plugin_slug":"hub-portfolio","message":"Activating"} []
[2025-04-21 06:47:08] merlin-logger.DEBUG: A plugin with the following data was processed {"plugin_slug":"hub-portfolio"} []
[2025-04-21 06:47:08] merlin-logger.DEBUG: A plugin with the following data will be processed {"plugin_slug":"elementor","message":"Installing"} []
[2025-04-21 06:47:23] merlin-logger.DEBUG: A plugin with the following data will be processed {"plugin_slug":"elementor","message":"Activating"} []
[2025-04-21 06:47:28] merlin-logger.DEBUG: A plugin with the following data was processed {"plugin_slug":"elementor"} []
[2025-04-21 06:47:28] merlin-logger.DEBUG: A plugin with the following data will be processed {"plugin_slug":"hub-elementor-addons","message":"Installing"} []
[2025-04-21 06:47:44] merlin-logger.DEBUG: A plugin with the following data will be processed {"plugin_slug":"hub-elementor-addons","message":"Activating"} []
[2025-04-21 06:47:45] merlin-logger.DEBUG: A plugin with the following data was processed {"plugin_slug":"hub-elementor-addons"} []
[2025-04-21 06:47:45] merlin-logger.DEBUG: A plugin with the following data will be processed {"plugin_slug":"hub-booking","message":"Installing"} []
[2025-04-21 06:47:47] merlin-logger.DEBUG: A plugin with the following data will be processed {"plugin_slug":"hub-booking","message":"Activating"} []
[2025-04-21 06:47:48] merlin-logger.DEBUG: A plugin with the following data was processed {"plugin_slug":"hub-booking"} []
[2025-04-21 06:47:48] merlin-logger.DEBUG: A plugin with the following data will be processed {"plugin_slug":"liquid-gdpr","message":"Installing"} []
[2025-04-21 06:47:50] merlin-logger.DEBUG: A plugin with the following data will be processed {"plugin_slug":"liquid-gdpr","message":"Activating"} []
[2025-04-21 06:47:50] merlin-logger.DEBUG: A plugin with the following data was processed {"plugin_slug":"liquid-gdpr"} []
[2025-04-21 06:47:50] merlin-logger.DEBUG: A plugin with the following data will be processed {"plugin_slug":"revslider","message":"Installing"} []
[2025-04-21 06:50:43] merlin-logger.DEBUG: A plugin with the following data will be processed {"plugin_slug":"revslider","message":"Activating"} []
[2025-04-21 06:50:47] merlin-logger.DEBUG: A plugin with the following data was processed {"plugin_slug":"revslider"} []
[2025-04-21 06:50:50] merlin-logger.DEBUG: A plugin with the following data was processed {"plugin_slug":"revslider"} []
[2025-04-21 06:50:50] merlin-logger.DEBUG: A plugin with the following data will be processed {"plugin_slug":"contact-form-7","message":"Installing"} []
[2025-04-21 06:50:55] merlin-logger.DEBUG: A plugin with the following data will be processed {"plugin_slug":"contact-form-7","message":"Activating"} []
[2025-04-21 06:50:55] merlin-logger.DEBUG: A plugin with the following data was processed {"plugin_slug":"contact-form-7"} []
[2025-04-21 06:50:59] merlin-logger.DEBUG: The content import step has been displayed [] []
[2025-04-21 06:51:16] merlin-logger.DEBUG: The Hello world post status was set to draft [] []
[2025-04-21 06:51:19] merlin-logger.DEBUG: The Hello world post status was set to draft [] []
[2025-04-21 06:52:40] merlin-logger.DEBUG: The final step has been displayed [] []
